\BOOKMARK [1][-]{section.1}{First\040lecture}{}% 1
\BOOKMARK [2][-]{subsection.1.1}{Introduction}{section.1}% 2
\BOOKMARK [3][-]{subsubsection.1.1.1}{What\040is\040an\040algorithm?}{subsection.1.1}% 3
\BOOKMARK [3][-]{subsubsection.1.1.2}{An\040example}{subsection.1.1}% 4
\BOOKMARK [3][-]{subsubsection.1.1.3}{General\040workflow:}{subsection.1.1}% 5
\BOOKMARK [3][-]{subsubsection.1.1.4}{Classification\040of\040algorithms}{subsection.1.1}% 6
\BOOKMARK [1][-]{section.2}{Second\040Lecture}{}% 7
\BOOKMARK [2][-]{subsection.2.1}{Turing\040Machine}{section.2}% 8
\BOOKMARK [2][-]{subsection.2.2}{Turings\040Thesis}{section.2}% 9
\BOOKMARK [2][-]{subsection.2.3}{Analysis\040of\040algorithms}{section.2}% 10
\BOOKMARK [3][-]{subsubsection.2.3.1}{Correctness}{subsection.2.3}% 11
\BOOKMARK [3][-]{subsubsection.2.3.2}{Complexity}{subsection.2.3}% 12
\BOOKMARK [2][-]{subsection.2.4}{principles\040of\040algorithms}{section.2}% 13
\BOOKMARK [3][-]{subsubsection.2.4.1}{Enumeration}{subsection.2.4}% 14
\BOOKMARK [3][-]{subsubsection.2.4.2}{Divide\040and\040Conquer}{subsection.2.4}% 15
\BOOKMARK [3][-]{subsubsection.2.4.3}{Scanline-Method}{subsection.2.4}% 16
\BOOKMARK [1][-]{section.3}{Third\040Lecture}{}% 17
\BOOKMARK [2][-]{subsection.3.1}{simple\040data\040structures}{section.3}% 18
\BOOKMARK [3][-]{subsubsection.3.1.1}{Arrays}{subsection.3.1}% 19
\BOOKMARK [3][-]{subsubsection.3.1.2}{lists}{subsection.3.1}% 20
\BOOKMARK [1][-]{section.4}{Fourth\040Lecture}{}% 21
\BOOKMARK [2][-]{subsection.4.1}{Stacks\040and\040Queues}{section.4}% 22
\BOOKMARK [3][-]{subsubsection.4.1.1}{Stack/Queue\040Schematics}{subsection.4.1}% 23
\BOOKMARK [3][-]{subsubsection.4.1.2}{stack.peek\(\)}{subsection.4.1}% 24
\BOOKMARK [3][-]{subsubsection.4.1.3}{stack.pop\(\)}{subsection.4.1}% 25
\BOOKMARK [3][-]{subsubsection.4.1.4}{stack.push\(\)}{subsection.4.1}% 26
\BOOKMARK [3][-]{subsubsection.4.1.5}{queue.enqueue}{subsection.4.1}% 27
\BOOKMARK [3][-]{subsubsection.4.1.6}{queue.dequeue}{subsection.4.1}% 28
\BOOKMARK [3][-]{subsubsection.4.1.7}{Priority\040Queue}{subsection.4.1}% 29
\BOOKMARK [3][-]{subsubsection.4.1.8}{pqueue.insert\(\)}{subsection.4.1}% 30
\BOOKMARK [2][-]{subsection.4.2}{Dictionaries\040\(or\040Maps,\040Associative\040Arrays\)}{section.4}% 31
\BOOKMARK [2][-]{subsection.4.3}{Sorting}{section.4}% 32
\BOOKMARK [3][-]{subsubsection.4.3.1}{Motivation}{subsection.4.3}% 33
\BOOKMARK [3][-]{subsubsection.4.3.2}{Problem}{subsection.4.3}% 34
\BOOKMARK [3][-]{subsubsection.4.3.3}{Selection\040Sort}{subsection.4.3}% 35
\BOOKMARK [3][-]{subsubsection.4.3.4}{Insertion\040Sort}{subsection.4.3}% 36
\BOOKMARK [2][-]{subsection.4.4}{SIDENOTE:\040how\040to\040record\040runtime\040in\040Python}{section.4}% 37
\BOOKMARK [1][-]{section.5}{Fifth\040Lecture}{}% 38
\BOOKMARK [2][-]{subsection.5.1}{Bubble\040Sort}{section.5}% 39
\BOOKMARK [2][-]{subsection.5.2}{Divide\040and\040Conquer}{section.5}% 40
\BOOKMARK [3][-]{subsubsection.5.2.1}{Quick\040Sort}{subsection.5.2}% 41
\BOOKMARK [3][-]{subsubsection.5.2.2}{Merge\040Sort}{subsection.5.2}% 42
\BOOKMARK [1][-]{section.6}{Sixth\040Lecture}{}% 43
\BOOKMARK [2][-]{subsection.6.1}{Merge\040Sort\040revisited}{section.6}% 44
\BOOKMARK [2][-]{subsection.6.2}{Complexity}{section.6}% 45
\BOOKMARK [3][-]{subsubsection.6.2.1}{example:\040Insertion\040Sort}{subsection.6.2}% 46
\BOOKMARK [3][-]{subsubsection.6.2.2}{Further\040Simplification}{subsection.6.2}% 47
\BOOKMARK [2][-]{subsection.6.3}{Bachmann-Landau\040Notation\040or\040Big-O\040Notation}{section.6}% 48
\BOOKMARK [3][-]{subsubsection.6.3.1}{Example\040Bubble\040Sort}{subsection.6.3}% 49
